<?xml version="1.0" encoding="UTF-8"?>
<!-- Generated by org.testng.reporters.JUnitXMLReporter -->
<testsuite ignored="0" hostname="LEGEND" failures="0" tests="3" name="HomePageTest" time="13.315" errors="0" timestamp="2026-04-16T09:34:51 IST">
  <testcase classname="com.crm.testcases.HomePageTestCase" name="verifyUrl" time="0.02"/>
  <testcase classname="com.crm.testcases.HomePageTestCase" name="verifyTitle" time="0.011"/>
  <testcase classname="com.crm.testcases.HomePageTestCase" name="validateSignInLink" time="1.04"/>
</testsuite> <!-- HomePageTest -->
