<?xml version="1.0" encoding="UTF-8"?>
<testsuite xmlns:xsi="http://www.w3.org/2001/XMLSchema-instance" xsi:noNamespaceSchemaLocation="https://maven.apache.org/surefire/maven-surefire-plugin/xsd/surefire-test-report.xsd" version="3.0.2" name="TestSuite" time="20.477" tests="4" errors="0" skipped="0" failures="0" flakes="0">
  <properties>
[...]
</properties>
  <testcase name="verifyUrl" classname="com.crm.testcases.HomePageTestCase" time="0.021">
    <system-out><![CDATA[Test pass: Url matched!
]]></system-out>
    <system-err><![CDATA[SLF4J(W): No SLF4J providers were found.
SLF4J(W): Defaulting to no-operation (NOP) logger implementation
SLF4J(W): See https://www.slf4j.org/codes.html#noProviders for further details.
Apr 16, 2026 9:34:47 AM org.openqa.selenium.devtools.CdpVersionFinder findNearestMatch
WARNING: Unable to find an exact match for CDP version 147, returning the closest version; found: 145; Please update to a Selenium version that supports CDP version 147
]]></system-err>
  </testcase>
  <testcase name="verifyTitle" classname="com.crm.testcases.HomePageTestCase" time="0.009">
    <system-out><![CDATA[Test pass: Title matched!
]]></system-out>
  </testcase>
  <testcase name="validateSignInLink" classname="com.crm.testcases.HomePageTestCase" time="1.041">
    <system-out><![CDATA[Test pass: new url matched!(Login page opened)
]]></system-out>
  </testcase>
  <testcase name="validateLogin" classname="com.crm.testcases.LoginPageTestCase" time="1.216">
    <system-out><![CDATA[Test Pass: Login Completed
]]></system-out>
    <system-err><![CDATA[Apr 16, 2026 9:34:53 AM org.openqa.selenium.devtools.CdpVersionFinder findNearestMatch
WARNING: Unable to find an exact match for CDP version 147, returning the closest version; found: 145; Please update to a Selenium version that supports CDP version 147
]]></system-err>
  </testcase>
</testsuite>