<?xml version="1.0" encoding="UTF-8"?>
<testng-results ignored="0" total="4" passed="4" failed="0" skipped="0">
  <reporter-output>
  </reporter-output>
  <suite started-at="2026-04-09T16:44:13 IST" name="Suite" finished-at="2026-04-09T16:44:29 IST" duration-ms="16453">
    <groups>
    </groups>
    <test started-at="2026-04-09T16:44:13 IST" name="HomePageTest" finished-at="2026-04-09T16:44:22 IST" duration-ms="9160">
      <class name="com.crm.testcases.HomePageTestCase">
        <test-method is-config="true" signature="setup()[pri:0, instance:com.crm.testcases.HomePageTestCase@68999068]" started-at="2026-04-09T16:44:13 IST" name="setup" finished-at="2026-04-09T16:44:20 IST" duration-ms="7038" status="PASS">
          <reporter-output>
          </reporter-output>
        </test-method> <!-- setup -->
        <test-method signature="verifyUrl()[pri:1, instance:com.crm.testcases.HomePageTestCase@68999068]" started-at="2026-04-09T16:44:20 IST" name="verifyUrl" finished-at="2026-04-09T16:44:20 IST" duration-ms="24" status="PASS">
          <reporter-output>
          </reporter-output>
        </test-method> <!-- verifyUrl -->
        <test-method signature="verifyTitle()[pri:2, instance:com.crm.testcases.HomePageTestCase@68999068]" started-at="2026-04-09T16:44:20 IST" name="verifyTitle" finished-at="2026-04-09T16:44:20 IST" duration-ms="11" status="PASS">
          <reporter-output>
          </reporter-output>
        </test-method> <!-- verifyTitle -->
        <test-method signature="validateSignInLink()[pri:3, instance:com.crm.testcases.HomePageTestCase@68999068]" started-at="2026-04-09T16:44:20 IST" name="validateSignInLink" finished-at="2026-04-09T16:44:22 IST" duration-ms="2026" status="PASS">
          <reporter-output>
          </reporter-output>
        </test-method> <!-- validateSignInLink -->
      </class> <!-- com.crm.testcases.HomePageTestCase -->
    </test> <!-- HomePageTest -->
    <test started-at="2026-04-09T16:44:22 IST" name="LoginPageTest" finished-at="2026-04-09T16:44:29 IST" duration-ms="7195">
      <class name="com.crm.testcases.LoginPageTestCase">
        <test-method is-config="true" signature="setup()[pri:0, instance:com.crm.testcases.LoginPageTestCase@6379eb]" started-at="2026-04-09T16:44:22 IST" name="setup" finished-at="2026-04-09T16:44:25 IST" duration-ms="3303" status="PASS">
          <reporter-output>
          </reporter-output>
        </test-method> <!-- setup -->
        <test-method is-config="true" signature="pageSetup()[pri:0, instance:com.crm.testcases.LoginPageTestCase@6379eb]" started-at="2026-04-09T16:44:25 IST" name="pageSetup" finished-at="2026-04-09T16:44:27 IST" duration-ms="2109" status="PASS">
          <reporter-output>
          </reporter-output>
        </test-method> <!-- pageSetup -->
        <test-method signature="validateLogin()[pri:0, instance:com.crm.testcases.LoginPageTestCase@6379eb]" started-at="2026-04-09T16:44:27 IST" name="validateLogin" finished-at="2026-04-09T16:44:29 IST" duration-ms="1780" status="PASS">
          <reporter-output>
          </reporter-output>
        </test-method> <!-- validateLogin -->
      </class> <!-- com.crm.testcases.LoginPageTestCase -->
    </test> <!-- LoginPageTest -->
  </suite> <!-- Suite -->
</testng-results>
