<?xml version="1.0" encoding="UTF-8"?>
<testng-results ignored="0" total="4" passed="4" failed="0" skipped="0">
  <reporter-output>
  </reporter-output>
  <suite started-at="2026-04-16T09:34:38 IST" name="Suite" finished-at="2026-04-16T09:34:58 IST" duration-ms="19678">
    <groups>
    </groups>
    <test started-at="2026-04-16T09:34:38 IST" name="HomePageTest" finished-at="2026-04-16T09:34:51 IST" duration-ms="13315">
      <class name="com.crm.testcases.HomePageTestCase">
        <test-method is-config="true" signature="setup()[pri:0, instance:com.crm.testcases.HomePageTestCase@68999068]" started-at="2026-04-16T09:34:38 IST" name="setup" finished-at="2026-04-16T09:34:50 IST" duration-ms="12184" status="PASS">
          <reporter-output>
          </reporter-output>
        </test-method> <!-- setup -->
        <test-method signature="verifyUrl()[pri:1, instance:com.crm.testcases.HomePageTestCase@68999068]" started-at="2026-04-16T09:34:50 IST" name="verifyUrl" finished-at="2026-04-16T09:34:50 IST" duration-ms="20" status="PASS">
          <reporter-output>
          </reporter-output>
        </test-method> <!-- verifyUrl -->
        <test-method signature="verifyTitle()[pri:2, instance:com.crm.testcases.HomePageTestCase@68999068]" started-at="2026-04-16T09:34:50 IST" name="verifyTitle" finished-at="2026-04-16T09:34:50 IST" duration-ms="11" status="PASS">
          <reporter-output>
          </reporter-output>
        </test-method> <!-- verifyTitle -->
        <test-method signature="validateSignInLink()[pri:3, instance:com.crm.testcases.HomePageTestCase@68999068]" started-at="2026-04-16T09:34:50 IST" name="validateSignInLink" finished-at="2026-04-16T09:34:51 IST" duration-ms="1040" status="PASS">
          <reporter-output>
          </reporter-output>
        </test-method> <!-- validateSignInLink -->
      </class> <!-- com.crm.testcases.HomePageTestCase -->
    </test> <!-- HomePageTest -->
    <test started-at="2026-04-16T09:34:52 IST" name="LoginPageTest" finished-at="2026-04-16T09:34:58 IST" duration-ms="6270">
      <class name="com.crm.testcases.LoginPageTestCase">
        <test-method is-config="true" signature="setup()[pri:0, instance:com.crm.testcases.LoginPageTestCase@6379eb]" started-at="2026-04-16T09:34:52 IST" name="setup" finished-at="2026-04-16T09:34:55 IST" duration-ms="3201" status="PASS">
          <reporter-output>
          </reporter-output>
        </test-method> <!-- setup -->
        <test-method is-config="true" signature="pageSetup()[pri:0, instance:com.crm.testcases.LoginPageTestCase@6379eb]" started-at="2026-04-16T09:34:55 IST" name="pageSetup" finished-at="2026-04-16T09:34:57 IST" duration-ms="1851" status="PASS">
          <reporter-output>
          </reporter-output>
        </test-method> <!-- pageSetup -->
        <test-method signature="validateLogin()[pri:0, instance:com.crm.testcases.LoginPageTestCase@6379eb]" started-at="2026-04-16T09:34:57 IST" name="validateLogin" finished-at="2026-04-16T09:34:58 IST" duration-ms="1214" status="PASS">
          <reporter-output>
          </reporter-output>
        </test-method> <!-- validateLogin -->
      </class> <!-- com.crm.testcases.LoginPageTestCase -->
    </test> <!-- LoginPageTest -->
  </suite> <!-- Suite -->
</testng-results>
