<?xml version="1.0" encoding="UTF-8"?>
<testng-results ignored="0" total="4" passed="4" failed="0" skipped="0">
  <reporter-output>
  </reporter-output>
  <suite started-at="2026-04-16T10:23:44 IST" name="Suite" finished-at="2026-04-16T10:24:03 IST" duration-ms="18451">
    <groups>
    </groups>
    <test started-at="2026-04-16T10:23:44 IST" name="HomePageTest" finished-at="2026-04-16T10:23:56 IST" duration-ms="11605">
      <class name="com.crm.testcases.HomePageTestCase">
        <test-method is-config="true" signature="setup()[pri:0, instance:com.crm.testcases.HomePageTestCase@30c15d8b]" started-at="2026-04-16T10:23:44 IST" name="setup" finished-at="2026-04-16T10:23:54 IST" duration-ms="10332" status="PASS">
          <reporter-output>
          </reporter-output>
        </test-method> <!-- setup -->
        <test-method signature="verifyUrl()[pri:1, instance:com.crm.testcases.HomePageTestCase@30c15d8b]" started-at="2026-04-16T10:23:54 IST" name="verifyUrl" finished-at="2026-04-16T10:23:55 IST" duration-ms="29" status="PASS">
          <reporter-output>
          </reporter-output>
        </test-method> <!-- verifyUrl -->
        <test-method signature="verifyTitle()[pri:2, instance:com.crm.testcases.HomePageTestCase@30c15d8b]" started-at="2026-04-16T10:23:55 IST" name="verifyTitle" finished-at="2026-04-16T10:23:55 IST" duration-ms="18" status="PASS">
          <reporter-output>
          </reporter-output>
        </test-method> <!-- verifyTitle -->
        <test-method signature="validateSignInLink()[pri:3, instance:com.crm.testcases.HomePageTestCase@30c15d8b]" started-at="2026-04-16T10:23:55 IST" name="validateSignInLink" finished-at="2026-04-16T10:23:56 IST" duration-ms="1140" status="PASS">
          <reporter-output>
          </reporter-output>
        </test-method> <!-- validateSignInLink -->
      </class> <!-- com.crm.testcases.HomePageTestCase -->
    </test> <!-- HomePageTest -->
    <test started-at="2026-04-16T10:23:56 IST" name="LoginPageTest" finished-at="2026-04-16T10:24:03 IST" duration-ms="6767">
      <class name="com.crm.testcases.LoginPageTestCase">
        <test-method is-config="true" signature="setup()[pri:0, instance:com.crm.testcases.LoginPageTestCase@4e08711f]" started-at="2026-04-16T10:23:56 IST" name="setup" finished-at="2026-04-16T10:23:58 IST" duration-ms="2414" status="PASS">
          <reporter-output>
          </reporter-output>
        </test-method> <!-- setup -->
        <test-method is-config="true" signature="pageSetup()[pri:0, instance:com.crm.testcases.LoginPageTestCase@4e08711f]" started-at="2026-04-16T10:23:58 IST" name="pageSetup" finished-at="2026-04-16T10:24:00 IST" duration-ms="2034" status="PASS">
          <reporter-output>
          </reporter-output>
        </test-method> <!-- pageSetup -->
        <test-method signature="validateLogin()[pri:0, instance:com.crm.testcases.LoginPageTestCase@4e08711f]" started-at="2026-04-16T10:24:00 IST" name="validateLogin" finished-at="2026-04-16T10:24:03 IST" duration-ms="2314" status="PASS">
          <reporter-output>
          </reporter-output>
        </test-method> <!-- validateLogin -->
      </class> <!-- com.crm.testcases.LoginPageTestCase -->
    </test> <!-- LoginPageTest -->
  </suite> <!-- Suite -->
</testng-results>
