<?xml version="1.0" encoding="UTF-8"?>
<!-- Generated by org.testng.reporters.JUnitReportReporter -->
<testsuite hostname="LEGEND" failures="0" tests="3" name="com.crm.testcases.HomePageTestCase" time="2.061" errors="0" timestamp="2026-04-09T16:44:29 IST" skipped="0">
  <testcase classname="com.crm.testcases.HomePageTestCase" name="verifyUrl" time="0.024"/>
  <testcase classname="com.crm.testcases.HomePageTestCase" name="verifyTitle" time="0.011"/>
  <testcase classname="com.crm.testcases.HomePageTestCase" name="validateSignInLink" time="2.026"/>
</testsuite> <!-- com.crm.testcases.HomePageTestCase -->
