<?xml version="1.0" encoding="UTF-8"?>
<!-- Generated by org.testng.reporters.JUnitReportReporter -->
<testsuite hostname="LEGEND" failures="0" tests="3" name="com.crm.testcases.HomePageTestCase" time="1.071" errors="0" timestamp="2026-04-16T09:34:58 IST" skipped="0">
  <testcase classname="com.crm.testcases.HomePageTestCase" name="verifyUrl" time="0.020"/>
  <testcase classname="com.crm.testcases.HomePageTestCase" name="verifyTitle" time="0.011"/>
  <testcase classname="com.crm.testcases.HomePageTestCase" name="validateSignInLink" time="1.040"/>
</testsuite> <!-- com.crm.testcases.HomePageTestCase -->
